<?xml version="1.0" encoding="UTF-8"?>
<!-- Generated by org.testng.reporters.JUnitXMLReporter -->
<testsuite hostname="DESKTOP-7ETDCNK" ignored="0" name="Command line test" tests="8" failures="8" timestamp="28 May 2018 12:09:48 GMT" time="94.097" errors="0">
  <testcase name="ValidLoginLogout" time="1.968" classname="testScript.Test1">
    <failure type="java.lang.AssertionError" message="null">
      <![CDATA[java.lang.AssertionError: nullat testScript.Test1.ValidLoginLogout(Test1.java:27)... Removed 37 stack frames]]>
    </failure>
  </testcase> <!-- ValidLoginLogout -->
  <testcase name="testValidUnInvalidPw" time="7.681" classname="testScript.Test1$Test2">
    <failure type="java.lang.AssertionError" message="null">
      <![CDATA[java.lang.AssertionError: nullat testScript.Test1$Test2.testValidUnInvalidPw(Test1.java:51)... Removed 37 stack frames]]>
    </failure>
  </testcase> <!-- testValidUnInvalidPw -->
  <testcase name="testInValidUnvalidPw" time="4.198" classname="testScript.Test1$Test3">
    <failure type="java.lang.AssertionError" message="null">
      <![CDATA[java.lang.AssertionError: nullat testScript.Test1$Test3.testInValidUnvalidPw(Test1.java:70)... Removed 37 stack frames]]>
    </failure>
  </testcase> <!-- testInValidUnvalidPw -->
  <testcase name="testValidUnInvalidPw" time="2.042" classname="testScript.Test1$Test4">
    <failure type="java.lang.AssertionError" message="null">
      <![CDATA[java.lang.AssertionError: nullat testScript.Test1$Test4.testValidUnInvalidPw(Test1.java:90)... Removed 37 stack frames]]>
    </failure>
  </testcase> <!-- testValidUnInvalidPw -->
  <testcase name="testInValidUnInvalidPw" time="6.79" classname="testScript.Test1$Test5">
    <failure type="java.lang.AssertionError" message="null">
      <![CDATA[java.lang.AssertionError: nullat testScript.Test1$Test5.testInValidUnInvalidPw(Test1.java:110)... Removed 37 stack frames]]>
    </failure>
  </testcase> <!-- testInValidUnInvalidPw -->
  <testcase name="testValidUnEmptyPw" time="2.242" classname="testScript.Test1$Test6">
    <failure type="java.lang.AssertionError" message="null">
      <![CDATA[java.lang.AssertionError: nullat testScript.Test1$Test6.testValidUnEmptyPw(Test1.java:129)... Removed 37 stack frames]]>
    </failure>
  </testcase> <!-- testValidUnEmptyPw -->
  <testcase name="EmptyUnInvalidPw" time="1.597" classname="testScript.Test1$Test7">
    <failure type="java.lang.AssertionError" message="null">
      <![CDATA[java.lang.AssertionError: nullat testScript.Test1$Test7.EmptyUnInvalidPw(Test1.java:148)... Removed 37 stack frames]]>
    </failure>
  </testcase> <!-- EmptyUnInvalidPw -->
  <testcase name="testEmptyUnEmptyPw" time="4.086" classname="testScript.Test1$Test8">
    <failure type="java.lang.AssertionError" message="null">
      <![CDATA[java.lang.AssertionError: nullat testScript.Test1$Test8.testEmptyUnEmptyPw(Test1.java:167)... Removed 37 stack frames]]>
    </failure>
  </testcase> <!-- testEmptyUnEmptyPw -->
</testsuite> <!-- Command line test -->
